[20:51:02] [Client thread/INFO]: Setting user: Player886
[20:51:02] [Client thread/INFO]: (Session ID is token:0:Player886)
[20:51:04] [Client thread/INFO]: LWJGL Version: 2.9.4
[20:51:06] [Client thread/INFO]: Reloading ResourceManager: Default
[20:51:07] [Client thread/ERROR]: Couldn't initialize twitch stream
[20:51:07] [Sound Library Loader/INFO]: Starting up SoundSystem...
[20:51:07] [Thread-6/INFO]: Initializing LWJGL OpenAL
[20:51:07] [Thread-6/INFO]: (The LWJGL binding of OpenAL.  For more information, see http://www.lwjgl.org)
[20:51:07] [Thread-6/INFO]: OpenAL initialized.
[20:51:07] [Sound Library Loader/INFO]: Sound engine started
[20:51:08] [Client thread/INFO]: Created: 512x512 textures-atlas
[20:51:17] [Server thread/INFO]: Starting integrated minecraft server version 1.8.8
[20:51:17] [Server thread/INFO]: Generating keypair
[20:51:17] [Server thread/INFO]: Preparing start region for level 0
[20:51:18] [Server thread/INFO]: Player886[local:E:e7367a03] logged in with entity id 90 at (-348.9182031714606, 63.0, -37.497903124952465)
[20:51:18] [Server thread/INFO]: Player886 joined the game
[20:51:18] [Server thread/INFO]: Saving and pausing game...
[20:51:18] [Server thread/INFO]: Saving chunks for level 'mcpworld'/Overworld
[20:51:18] [Server thread/INFO]: Saving chunks for level 'mcpworld'/Nether
[20:51:18] [Server thread/INFO]: Saving chunks for level 'mcpworld'/The End
[20:51:31] [Client thread/INFO]: Using default channel type
[20:51:31] [Client thread/INFO]: Started on 63196
[20:51:31] [Client thread/INFO]: [CHAT] Local game hosted on port 63196
[20:51:40] [User Authenticator #1/INFO]: UUID of player Hitchens is b3440621-e3ae-4b2c-9038-e72344170be0
[20:51:40] [Server thread/INFO]: Hitchens[/192.168.8.109:63214] logged in with entity id 656 at (-346.92762993500577, 73.16372951867751, -20.466808457588826)
[20:51:40] [Server thread/INFO]: Hitchens joined the game
[20:51:40] [Client thread/INFO]: [CHAT] Hitchens joined the game
[20:51:44] [Client thread/INFO]: [CHAT] [§5ETHIC§f] > WarzAimNS has been enabled!
[20:51:44] [Client thread/INFO]: [CHAT] [§5ETHIC§f] > B: 73.15625
[20:51:44] [Client thread/INFO]: [CHAT] [§5ETHIC§f] > A: 73.07625
[20:51:44] [Client thread/INFO]: [CHAT] [§5ETHIC§f] > A: 72.95625
[20:51:44] [Client thread/INFO]: [CHAT] [§5ETHIC§f] > A: 72.79625
[20:51:44] [Client thread/INFO]: [CHAT] [§5ETHIC§f] > A: 72.59625
[20:51:44] [Client thread/INFO]: [CHAT] [§5ETHIC§f] > A: 72.35625
[20:51:45] [Client thread/INFO]: [CHAT] [§5ETHIC§f] > B: 73.15625
[20:51:45] [Client thread/INFO]: [CHAT] [§5ETHIC§f] > A: 73.07625
[20:51:45] [Client thread/INFO]: [CHAT] [§5ETHIC§f] > A: 72.95625
[20:51:45] [Client thread/INFO]: [CHAT] [§5ETHIC§f] > A: 72.79625
[20:51:45] [Client thread/INFO]: [CHAT] [§5ETHIC§f] > A: 72.59625
[20:51:45] [Client thread/INFO]: [CHAT] [§5ETHIC§f] > A: 72.35625
[20:51:45] [Client thread/INFO]: [CHAT] [§5ETHIC§f] > B: 73.15625
[20:51:45] [Client thread/INFO]: [CHAT] [§5ETHIC§f] > A: 73.07625
[20:51:45] [Client thread/INFO]: [CHAT] [§5ETHIC§f] > A: 72.95625
[20:51:45] [Client thread/INFO]: [CHAT] [§5ETHIC§f] > A: 72.79625
[20:51:45] [Client thread/INFO]: [CHAT] [§5ETHIC§f] > A: 72.59625
[20:51:45] [Client thread/INFO]: [CHAT] [§5ETHIC§f] > A: 72.35625
[20:51:45] [Client thread/INFO]: [CHAT] [§5ETHIC§f] > B: 73.15625
[20:51:45] [Client thread/INFO]: [CHAT] [§5ETHIC§f] > A: 73.07625
[20:51:45] [Client thread/INFO]: [CHAT] [§5ETHIC§f] > A: 72.95625
[20:51:45] [Client thread/INFO]: [CHAT] [§5ETHIC§f] > A: 72.79625
[20:51:45] [Client thread/INFO]: [CHAT] [§5ETHIC§f] > A: 72.59625
[20:51:45] [Client thread/INFO]: [CHAT] [§5ETHIC§f] > A: 72.35625
[20:51:45] [Client thread/INFO]: [CHAT] [§5ETHIC§f] > B: 73.15625
[20:51:45] [Client thread/INFO]: [CHAT] [§5ETHIC§f] > A: 73.07625
[20:51:45] [Client thread/INFO]: [CHAT] [§5ETHIC§f] > A: 72.95625
[20:51:45] [Client thread/INFO]: [CHAT] [§5ETHIC§f] > A: 72.79625
[20:51:45] [Client thread/INFO]: [CHAT] [§5ETHIC§f] > A: 72.59625
[20:51:45] [Client thread/INFO]: [CHAT] [§5ETHIC§f] > A: 72.35625
[20:51:45] [Client thread/INFO]: [CHAT] [§5ETHIC§f] > B: 73.15625
[20:51:45] [Client thread/INFO]: [CHAT] [§5ETHIC§f] > A: 73.07625
[20:51:45] [Client thread/INFO]: [CHAT] [§5ETHIC§f] > A: 72.95625
[20:51:45] [Client thread/INFO]: [CHAT] [§5ETHIC§f] > A: 72.79625
[20:51:45] [Client thread/INFO]: [CHAT] [§5ETHIC§f] > A: 72.59625
[20:51:45] [Client thread/INFO]: [CHAT] [§5ETHIC§f] > A: 72.35625
[20:51:46] [Client thread/INFO]: [CHAT] [§5ETHIC§f] > B: 73.15625
[20:51:46] [Client thread/INFO]: [CHAT] [§5ETHIC§f] > A: 73.07625
[20:51:46] [Client thread/INFO]: [CHAT] [§5ETHIC§f] > A: 72.95625
[20:51:46] [Client thread/INFO]: [CHAT] [§5ETHIC§f] > A: 72.79625
[20:51:46] [Client thread/INFO]: [CHAT] [§5ETHIC§f] > A: 72.59625
[20:51:46] [Client thread/INFO]: [CHAT] [§5ETHIC§f] > A: 72.35625
[20:51:46] [Client thread/INFO]: [CHAT] [§5ETHIC§f] > B: 73.15625
[20:51:46] [Client thread/INFO]: [CHAT] [§5ETHIC§f] > A: 73.07625
[20:51:46] [Client thread/INFO]: [CHAT] [§5ETHIC§f] > A: 72.95625
[20:51:46] [Client thread/INFO]: [CHAT] [§5ETHIC§f] > A: 72.79625
[20:51:46] [Client thread/INFO]: [CHAT] [§5ETHIC§f] > A: 72.59625
[20:51:46] [Client thread/INFO]: [CHAT] [§5ETHIC§f] > A: 72.35625
[20:51:47] [Client thread/INFO]: [CHAT] [§5ETHIC§f] > B: 73.15625
[20:51:47] [Client thread/INFO]: [CHAT] [§5ETHIC§f] > A: 73.07625
[20:51:47] [Client thread/INFO]: [CHAT] [§5ETHIC§f] > A: 72.95625
[20:51:47] [Client thread/INFO]: [CHAT] [§5ETHIC§f] > A: 72.79625
[20:51:47] [Client thread/INFO]: [CHAT] [§5ETHIC§f] > A: 72.59625
[20:51:47] [Client thread/INFO]: [CHAT] [§5ETHIC§f] > A: 72.35625
[20:51:49] [Server thread/INFO]: <Player886> afssdfsdf
[20:51:49] [Client thread/INFO]: [CHAT] <Player886> afssdfsdf
[20:51:50] [Client thread/INFO]: [CHAT] [§5ETHIC§f] > B: 73.15625
[20:51:50] [Client thread/INFO]: [CHAT] [§5ETHIC§f] > A: 73.07625
[20:51:50] [Client thread/INFO]: [CHAT] [§5ETHIC§f] > A: 72.95625
[20:51:50] [Client thread/INFO]: [CHAT] [§5ETHIC§f] > A: 72.79625
[20:51:50] [Client thread/INFO]: [CHAT] [§5ETHIC§f] > A: 72.59625
[20:51:50] [Client thread/INFO]: [CHAT] [§5ETHIC§f] > A: 72.35625
[20:51:51] [Client thread/INFO]: [CHAT] [§5ETHIC§f] > B: 73.15625
[20:51:51] [Client thread/INFO]: [CHAT] [§5ETHIC§f] > A: 73.07625
[20:51:51] [Client thread/INFO]: [CHAT] [§5ETHIC§f] > A: 72.95625
[20:51:51] [Client thread/INFO]: [CHAT] [§5ETHIC§f] > A: 72.79625
[20:51:51] [Client thread/INFO]: [CHAT] [§5ETHIC§f] > A: 72.59625
[20:51:51] [Client thread/INFO]: [CHAT] [§5ETHIC§f] > A: 72.35625
[20:53:22] [Client thread/INFO]: Stopping!
[20:53:22] [Client thread/INFO]: SoundSystem shutting down...
[20:53:22] [Server thread/INFO]: Stopping server
[20:53:22] [Server thread/INFO]: Saving players
[20:53:22] [Server thread/INFO]: Saving worlds
[20:53:22] [Server thread/INFO]: Saving chunks for level 'mcpworld'/Overworld
[20:53:22] [Server thread/INFO]: Saving chunks for level 'mcpworld'/Nether
[20:53:22] [Server thread/INFO]: Saving chunks for level 'mcpworld'/The End
[20:53:22] [Client thread/WARN]: Author: Paul Lamb, www.paulscode.com
