[02:23:48] [Client thread/INFO]: Setting user: Player734
[02:23:48] [Client thread/INFO]: (Session ID is token:0:Player734)
[02:23:50] [Client thread/INFO]: LWJGL Version: 2.9.4
[02:23:52] [Client thread/INFO]: Reloading ResourceManager: Default
[02:23:52] [Client thread/ERROR]: Couldn't initialize twitch stream
[02:23:52] [Sound Library Loader/INFO]: Starting up SoundSystem...
[02:23:52] [Thread-6/INFO]: Initializing LWJGL OpenAL
[02:23:52] [Thread-6/INFO]: (The LWJGL binding of OpenAL.  For more information, see http://www.lwjgl.org)
[02:23:52] [Thread-6/INFO]: OpenAL initialized.
[02:23:52] [Sound Library Loader/INFO]: Sound engine started
[02:23:53] [Client thread/INFO]: Created: 512x512 textures-atlas
[02:23:58] [Server thread/INFO]: Starting integrated minecraft server version 1.8.8
[02:23:58] [Server thread/INFO]: Generating keypair
[02:23:58] [Server thread/INFO]: Preparing start region for level 0
[02:23:59] [Server thread/INFO]: Changing view distance to 12, from 10
[02:23:59] [Server thread/INFO]: Player734[local:E:46a9bf28] logged in with entity id 22 at (195.52936045464565, 64.0, 445.6788390200236)
[02:23:59] [Server thread/INFO]: Player734 joined the game
[02:24:02] [Server thread/INFO]: Saving and pausing game...
[02:24:02] [Server thread/INFO]: Saving chunks for level 'mcpworld'/Overworld
[02:24:02] [Server thread/INFO]: Saving chunks for level 'mcpworld'/Nether
[02:24:02] [Server thread/INFO]: Saving chunks for level 'mcpworld'/The End
[02:24:09] [Client thread/INFO]: Using default channel type
[02:24:09] [Client thread/INFO]: Started on 55731
[02:24:09] [Client thread/INFO]: [CHAT] Local game hosted on port 55731
[02:24:14] [User Authenticator #1/INFO]: UUID of player Hitchens is b3440621-e3ae-4b2c-9038-e72344170be0
[02:24:14] [Server thread/INFO]: Hitchens[/192.168.8.109:55749] logged in with entity id 241 at (196.91607204570286, 64.0, 444.3693111507567)
[02:24:14] [Server thread/INFO]: Hitchens joined the game
[02:24:14] [Client thread/INFO]: [CHAT] Hitchens joined the game
[02:26:25] [Server thread/INFO]: Player734 has just earned the achievement [Taking Inventory]
[02:26:25] [Client thread/INFO]: [CHAT] Player734 has just earned the achievement [Taking Inventory]
