[01:28:35] [Client thread/INFO]: Setting user: Player441
[01:28:35] [Client thread/INFO]: (Session ID is token:0:Player441)
[01:28:38] [Client thread/INFO]: LWJGL Version: 2.9.4
[01:28:39] [Client thread/INFO]: Reloading ResourceManager: Default
[01:28:40] [Client thread/ERROR]: Couldn't initialize twitch stream
[01:28:40] [Sound Library Loader/INFO]: Starting up SoundSystem...
[01:28:40] [Thread-6/INFO]: Initializing LWJGL OpenAL
[01:28:40] [Thread-6/INFO]: (The LWJGL binding of OpenAL.  For more information, see http://www.lwjgl.org)
[01:28:40] [Thread-6/INFO]: OpenAL initialized.
[01:28:40] [Sound Library Loader/INFO]: Sound engine started
[01:28:41] [Client thread/INFO]: Created: 512x512 textures-atlas
[01:28:46] [Server thread/INFO]: Starting integrated minecraft server version 1.8.8
[01:28:46] [Server thread/INFO]: Generating keypair
[01:28:46] [Server thread/INFO]: Preparing start region for level 0
[01:28:47] [Server thread/INFO]: Player441[local:E:eaded06c] logged in with entity id 263 at (-413.20162512784174, 70.0, 3.0604147587856576)
[01:28:47] [Server thread/INFO]: Player441 joined the game
[01:28:53] [Client thread/INFO]: [CHAT] [§5ETHIC§f] > ESPShader has been enabled!
[01:28:54] [Client thread/INFO]: [CHAT] [§5ETHIC§f] > ESPShader has been disabled!
[01:28:55] [Client thread/INFO]: [CHAT] [§5ETHIC§f] > ESPShader has been enabled!
[01:28:55] [Client thread/INFO]: [CHAT] [§5ETHIC§f] > OptifineZoom has been enabled!
[01:28:56] [Client thread/INFO]: [CHAT] [§5ETHIC§f] > OptifineZoom has been disabled!
[01:28:56] [Client thread/INFO]: [CHAT] [§5ETHIC§f] > ESPShader has been disabled!
[01:28:56] [Client thread/INFO]: [CHAT] [§5ETHIC§f] > ESPShader has been enabled!
[01:28:57] [Client thread/INFO]: [CHAT] [§5ETHIC§f] > ESPShader has been disabled!
[01:28:58] [Server thread/INFO]: Player441 has just earned the achievement [Taking Inventory]
[01:28:58] [Client thread/INFO]: [CHAT] Player441 has just earned the achievement [Taking Inventory]
[01:29:03] [Server thread/INFO]: Saving and pausing game...
[01:29:03] [Server thread/INFO]: Saving chunks for level 'mcpworld'/Overworld
[01:29:03] [Server thread/INFO]: Saving chunks for level 'mcpworld'/Nether
[01:29:03] [Server thread/INFO]: Saving chunks for level 'mcpworld'/The End
[01:29:05] [Client thread/INFO]: Using default channel type
[01:29:05] [Client thread/INFO]: Started on 59697
[01:29:05] [Client thread/INFO]: [CHAT] Local game hosted on port 59697
[01:29:09] [User Authenticator #1/INFO]: UUID of player Hitchens is b3440621-e3ae-4b2c-9038-e72344170be0
[01:29:09] [Server thread/INFO]: Hitchens[/192.168.8.109:59714] logged in with entity id 1716 at (-398.8125857725293, 66.0, -4.9024505562916385)
[01:29:09] [Server thread/INFO]: Hitchens joined the game
[01:29:09] [Client thread/INFO]: [CHAT] Hitchens joined the game
[01:29:11] [Client thread/INFO]: [CHAT] [§5ETHIC§f] > ESPShader has been enabled!
[01:29:19] [Client thread/INFO]: [CHAT] [§5ETHIC§f] > ChestEsp has been enabled!
[01:29:19] [Client thread/INFO]: [CHAT] [§5ETHIC§f] > ChestEsp has been disabled!
[01:29:20] [Client thread/INFO]: [CHAT] [§5ETHIC§f] > Tracers has been enabled!
[01:29:21] [Client thread/INFO]: [CHAT] [§5ETHIC§f] > Tracers has been disabled!
[01:29:21] [Client thread/INFO]: [CHAT] [§5ETHIC§f] > Tracers has been enabled!
[01:29:23] [Client thread/INFO]: [CHAT] [§5ETHIC§f] > ChestEsp has been enabled!
[01:29:23] [Client thread/INFO]: [CHAT] [§5ETHIC§f] > ChestEsp has been disabled!
[01:29:29] [Client thread/INFO]: [CHAT] [§5ETHIC§f] > PlayerEsp has been enabled!
[01:29:54] [Server thread/INFO]: Player441 lost connection: TextComponent{text='Disconnected', siblings=[], style=Style{hasParent=false, color=null, bold=null, italic=null, underlined=null, obfuscated=null, clickEvent=null, hoverEvent=null, insertion=null}}
[01:29:54] [Server thread/INFO]: Player441 left the game
[01:29:54] [Server thread/INFO]: Stopping singleplayer server as player logged out
[01:29:55] [Server thread/INFO]: Stopping server
[01:29:55] [Server thread/INFO]: Saving players
[01:29:55] [Server thread/INFO]: Saving worlds
[01:29:55] [Server thread/INFO]: Saving chunks for level 'mcpworld'/Overworld
[01:29:55] [Server thread/INFO]: Saving chunks for level 'mcpworld'/Nether
[01:29:55] [Server thread/INFO]: Saving chunks for level 'mcpworld'/The End
[01:31:08] [Client thread/INFO]: Stopping!
[01:31:08] [Client thread/INFO]: SoundSystem shutting down...
[01:31:08] [Client [01:31:10] [Client thread/INFO]: LWJGL Version: 2.9.4
[01:31:12] [Client thread/INFO]: Reloading ResourceManager: Default
[01:31:12] [Client thread/ERROR]: Couldn't initialize twitch stream
[01:31:12] [Sound Library Loader/INFO]: Starting up SoundSystem...
[01:31:12] [Thread-5/INFO]: Initializing LWJGL OpenAL
[01:31:12] [Thread-5/INFO]: (The LWJGL binding of OpenAL.  For more information, see http://www.lwjgl.org)
[01:31:12] [Thread-5/INFO]: OpenAL initialized.
[01:31:13] [Sound Library Loader/INFO]: Sound engine started
[01:31:14] [Client thread/INFO]: Created: 512x512 textures-atlas
[01:31:20] [Server thread/INFO]: Starting integrated minecraft server version 1.8.8
[01:31:20] [Server thread/INFO]: Generating keypair
[01:31:20] [Server thread/INFO]: Preparing start region for level 0
[01:31:21] [Server thread/INFO]: Player874[local:E:c0f12994] logged in with entity id 266 at (-399.73961750337907, 66.0, 10.277225017871217)
[01:31:21] [Server thread/INFO]: Player874 joined the game
[01:31:23] [Server thread/INFO]: Saving and pausing game...
[01:31:23] [Server thread/INFO]: Saving chunks for level 'mcpworld'/Overworld
[01:31:23] [Server thread/INFO]: Saving chunks for level 'mcpworld'/Nether
[01:31:23] [Server thread/INFO]: Saving chunks for level 'mcpworld'/The End
[01:31:24] [Client thread/INFO]: Using default channel type
[01:31:24] [Client thread/INFO]: Started on 59770
[01:31:24] [Client thread/INFO]: [CHAT] Local game hosted on port 59770
[01:31:28] [User Authenticator #1/INFO]: UUID of player Hitchens is b3440621-e3ae-4b2c-9038-e72344170be0
[01:31:28] [Server thread/INFO]: Hitchens[/192.168.8.109:59787] logged in with entity id 736 at (-398.8125857725293, 66.0, -4.9024505562916385)
[01:31:28] [Server thread/INFO]: Hitchens joined the game
[01:31:28] [Client thread/INFO]: [CHAT] Hitchens joined the game
[01:31:30] [Client thread/INFO]: [CHAT] [§5ETHIC§f] > ESPShader has been enabled!
[01:31:31] [Client thread/INFO]: [CHAT] [§5ETHIC§f] > OptifineZoom has been enabled!
[01:31:33] [Client thread/INFO]: [CHAT] [§5ETHIC§f] > OptifineZoom has been disabled!
[01:31:33] [Client thread/INFO]: [CHAT] [§5ETHIC§f] > OptifineZoom has been enabled!
[01:31:34] [Client thread/INFO]: [CHAT] [§5ETHIC§f] > OptifineZoom has been disabled!
[01:31:51] [Server thread/INFO]: Player874 has just earned the achievement [Taking Inventory]
[01:31:51] [Client thread/INFO]: [CHAT] Player874 has just earned the achievement [Taking Inventory]
