[16:30:42] [Client thread/INFO]: Setting user: Player465
[16:30:42] [Client thread/INFO]: (Session ID is token:0:Player465)
[16:30:44] [Client thread/INFO]: LWJGL Version: 2.9.4
[16:30:46] [Client thread/INFO]: Reloading ResourceManager: Default
[16:30:46] [Client thread/ERROR]: Couldn't initialize twitch stream
[16:30:46] [Sound Library Loader/INFO]: Starting up SoundSystem...
[16:30:46] [Thread-6/INFO]: Initializing LWJGL OpenAL
[16:30:46] [Thread-6/INFO]: (The LWJGL binding of OpenAL.  For more information, see http://www.lwjgl.org)
[16:30:46] [Thread-6/INFO]: OpenAL initialized.
[16:30:47] [Sound Library Loader/INFO]: Sound engine started
[16:30:48] [Client thread/INFO]: Created: 512x512 textures-atlas
[16:30:58] [Server thread/INFO]: Starting integrated minecraft server version 1.8.8
[16:30:58] [Server thread/INFO]: Generating keypair
[16:30:58] [Server thread/INFO]: Preparing start region for level 0
[16:30:59] [Server thread/INFO]: Changing view distance to 12, from 10
[16:30:59] [Server thread/INFO]: Player465[local:E:b8ce7554] logged in with entity id 22 at (278.5751883169591, 71.0, 468.8478635398744)
[16:30:59] [Server thread/INFO]: Player465 joined the game
[16:31:00] [Server thread/INFO]: Saving and pausing game...
[16:31:00] [Server thread/INFO]: Saving chunks for level 'mcpworld'/Overworld
[16:31:00] [Server thread/INFO]: Saving chunks for level 'mcpworld'/Nether
[16:31:00] [Server thread/INFO]: Saving chunks for level 'mcpworld'/The End
[16:31:01] [Client thread/INFO]: Using default channel type
[16:31:02] [Client thread/INFO]: Started on 53191
[16:31:02] [Client thread/INFO]: [CHAT] Local game hosted on port 53191
[16:31:04] [Client thread/INFO]: [CHAT] [§5ETHIC§f] > Tracers has been enabled!
[16:31:11] [User Authenticator #1/INFO]: UUID of player Hitchens is b3440621-e3ae-4b2c-9038-e72344170be0
[16:31:11] [Server thread/INFO]: Hitchens[/192.168.8.109:53212] logged in with entity id 484 at (284.42433877989725, 71.0, 470.20293859206157)
[16:31:11] [Server thread/INFO]: Hitchens joined the game
[16:31:11] [Client thread/INFO]: [CHAT] Hitchens joined the game
[16:32:00] [Client thread/INFO]: [CHAT] Unknown command. Try /help for a list of commands
[16:32:02] [Server thread/INFO]: [Player465: Teleported Player465 to Hitchens]
[16:32:02] [Client thread/INFO]: [CHAT] Teleported Player465 to Hitchens
[16:32:14] [Server thread/INFO]: Player465 has just earned the achievement [Taking Inventory]
[16:32:14] [Client thread/INFO]: [CHAT] Player465 has just earned the achievement [Taking Inventory]
