[01:00:46] [Client thread/INFO]: Setting user: Player878
[01:00:46] [Client thread/INFO]: (Session ID is token:0:Player878)
[01:00:48] [Client thread/INFO]: LWJGL Version: 2.9.4
[01:00:50] [Client thread/INFO]: Reloading ResourceManager: Default
[01:00:51] [Client thread/ERROR]: Couldn't initialize twitch stream
[01:00:51] [Sound Library Loader/INFO]: Starting up SoundSystem...
[01:00:51] [Thread-6/INFO]: Initializing LWJGL OpenAL
[01:00:51] [Thread-6/INFO]: (The LWJGL binding of OpenAL.  For more information, see http://www.lwjgl.org)
[01:00:51] [Thread-6/INFO]: OpenAL initialized.
[01:00:51] [Sound Library Loader/INFO]: Sound engine started
[01:00:52] [Client thread/INFO]: Created: 512x512 textures-atlas
[01:01:11] [Server thread/INFO]: Starting integrated minecraft server version 1.8.8
[01:01:11] [Server thread/INFO]: Generating keypair
[01:01:12] [Server thread/INFO]: Preparing start region for level 0
[01:01:13] [Server thread/INFO]: Player878[local:E:00a35097] logged in with entity id 80 at (-355.8926463575688, 64.0, -35.26474062175139)
[01:01:13] [Server thread/INFO]: Player878 joined the game
[01:01:13] [Client thread/FATAL]: Error executing task
java.util.concurrent.ExecutionException: java.util.ConcurrentModificationException
	at java.util.concurrent.FutureTask.report(Unknown Source) ~[?:1.8.0_161]
	at java.util.concurrent.FutureTask.get(Unknown Source) ~[?:1.8.0_161]
	at net.minecraft.util.Util.func_181617_a(Util.java:20) [bin/:?]
	at net.minecraft.client.Minecraft.runGameLoop(Minecraft.java:1096) [bin/:?]
	at net.minecraft.client.Minecraft.run(Minecraft.java:424) [bin/:?]
	at net.minecraft.client.main.Main.main(Main.java:113) [bin/:?]
	at Start.main(Start.java:11) [bin/:?]
Caused by: java.util.ConcurrentModificationException
	at java.util.HashMap$HashIterator.nextNode(Unknown Source) ~[?:1.8.0_161]
	at java.util.HashMap$KeyIterator.next(Unknown Source) ~[?:1.8.0_161]
	at net.minecraft.util.ClassInheritanceMultiMap.<init>(ClassInheritanceMultiMap.java:27) ~[bin/:?]
	at net.minecraft.world.chunk.Chunk.<init>(Chunk.java:124) ~[bin/:?]
	at net.minecraft.client.multiplayer.ChunkProviderClient.loadChunk(ChunkProviderClient.java:69) ~[bin/:?]
	at net.minecraft.client.multiplayer.WorldClient.doPreChunk(WorldClient.java:150) ~[bin/:?]
	at net.minecraft.client.network.NetHandlerPlayClient.handleMapChunkBulk(NetHandlerPlayClient.java:1350) ~[bin/:?]
	at net.minecraft.network.play.server.S26PacketMapChunkBulk.processPacket(S26PacketMapChunkBulk.java:91) ~[bin/:?]
	at net.minecraft.network.play.server.S26PacketMapChunkBulk.processPacket(S26PacketMapChunkBulk.java:1) ~[bin/:?]
	at net.minecraft.network.PacketThreadUtil$1.run(PacketThreadUtil.java:15) ~[bin/:?]
	at java.util.concurrent.Executors$RunnableAdapter.call(Unknown Source) ~[?:1.8.0_161]
	at java.util.concurrent.FutureTask.run(Unknown Source) ~[?:1.8.0_161]
	at net.minecraft.util.Util.func_181617_a(Util.java:19) ~[bin/:?]
	... 4 more
[01:01:19] [Client thread/INFO]: [CHAT] [§5ETHIC§f] > LongJump has been enabled!
[01:01:21] [Client thread/INFO]: [CHAT] [§5ETHIC§f] > LongJump has been disabled!
[01:01:29] [Client thread/INFO]: [CHAT] [§5ETHIC§f] > LongJump has been enabled!
[01:01:30] [Client thread/INFO]: [CHAT] [§5ETHIC§f] > LongJump has been disabled!
[01:02:04] [Server thread/INFO]: Player878 has just earned the achievement [Taking Inventory]
[01:02:05] [Client thread/INFO]: [CHAT] Player878 has just earned the achievement [Taking Inventory]
[01:02:30] [Server thread/INFO]: Saving and pausing game...
[01:02:30] [Server thread/INFO]: Saving chunks for level 'mcpworld'/Overworld
[01:02:30] [Server thread/INFO]: Saving chunks for level 'mcpworld'/Nether
[01:02:30] [Server thread/INFO]: Saving chunks for level 'mcpworld'/The End
[01:02:33] [Server thread/INFO]: Saving and pausing game...
[01:02:33] [Server thread/INFO]: Saving chunks for level 'mcpworld'/Overworld
[01:02:33] [Server thread/INFO]: Saving chunks for level 'mcpworld'/Nether
[01:02:33] [Server thread/INFO]: Saving chunks for level 'mcpworld'/The End
[01:02:35] [Client thread/INFO]: Using default channel type
[01:02:35] [Client thread/INFO]: Started on 59144
[01:02:35] [Client thread/INFO]: [CHAT] Local game hosted on port 59144
[01:02:40] [User Authenticator #1/INFO]: UUID of player Hitchens is b3440621-e3ae-4b2c-9038-e72344170be0
[01:02:40] [Server thread/INFO]: Hitchens[/192.168.8.109:59161] logged in with entity id 5311 at (-354.9971193803217, 68.0, -48.24590394634459)
[01:02:40] [Server thread/INFO]: Hitchens joined the game
[01:02:40] [Client thread/INFO]: [CHAT] Hitchens joined the game
[01:02:42] [Client thread/INFO]: [CHAT] The entity UUID provided is in an invalid format
[01:02:45] [Server thread/INFO]: [Player878: Teleported Hitchens to Player878]
[01:02:45] [Client thread/INFO]: [CHAT] Teleported Hitchens to Player878
[01:02:59] [Client thread/INFO]: [CHAT] [§5ETHIC§f] > WarzAimNS has been enabled!
[01:04:07] [Client thread/INFO]: [CHAT] [§5ETHIC§f] > MaxAngleDif in WarzAim set to: 120
[01:04:43] [Server thread/INFO]: Hitchens lost connection: TextComponent{text='Disconnected', siblings=[], style=Style{hasParent=false, color=null, bold=null, italic=null, underlined=null, obfuscated=null, clickEvent=null, hoverEvent=null, insertion=null}}
[01:04:43] [Server thread/INFO]: Hitchens left the game
[01:04:43] [Client thread/INFO]: [CHAT] Hitchens left the game
