[15:29:20] [Client thread/INFO]: Setting user: Player312
[15:29:20] [Client thread/INFO]: (Session ID is token:0:Player312)
[15:29:23] [Client thread/INFO]: LWJGL Version: 2.9.4
[15:29:25] [Client thread/INFO]: Reloading ResourceManager: Default
[15:29:25] [Client thread/ERROR]: Couldn't initialize twitch stream
[15:29:25] [Sound Library Loader/INFO]: Starting up SoundSystem...
[15:29:25] [Thread-6/INFO]: Initializing LWJGL OpenAL
[15:29:25] [Thread-6/INFO]: (The LWJGL binding of OpenAL.  For more information, see http://www.lwjgl.org)
[15:29:25] [Thread-6/INFO]: OpenAL initialized.
[15:29:25] [Sound Library Loader/INFO]: Sound engine started
[15:29:30] [Client thread/INFO]: Created: 512x512 textures-atlas
[15:29:34] [Server thread/INFO]: Starting integrated minecraft server version 1.8.8
[15:29:34] [Server thread/INFO]: Generating keypair
[15:29:34] [Server thread/INFO]: Preparing start region for level 0
[15:29:34] [Server thread/INFO]: Changing view distance to 12, from 10
[15:29:35] [Server thread/INFO]: Player312[local:E:73d91f23] logged in with entity id 24 at (285.65018610900506, 68.0, 464.03209406501674)
[15:29:35] [Server thread/INFO]: Player312 joined the game
[15:29:40] [Client thread/INFO]: [CHAT] [§5ETHIC\247f] > CONFIG:
[15:29:40] [Client thread/INFO]: [CHAT] [§5ETHIC\247f] > range: 40.0
[15:29:40] [Client thread/INFO]: [CHAT] [§5ETHIC\247f] > angle: 30.0
[15:29:40] [Client thread/INFO]: [CHAT] [§5ETHIC\247f] > guns: 279 278 284 293 275 258 291 292 256 257 
[15:29:41] [Chunk Batcher 0/WARN]: Biome ID is out of bounds: 2049, defaulting to 0 (Ocean)
[15:29:41] [Chunk Batcher 0/WARN]: Biome ID is out of bounds: 2563, defaulting to 0 (Ocean)
[15:29:57] [Server thread/INFO]: Saving and pausing game...
[15:29:57] [Server thread/INFO]: Saving chunks for level 'mcpworld'/Overworld
[15:29:57] [Server thread/INFO]: Saving chunks for level 'mcpworld'/Nether
[15:29:57] [Server thread/INFO]: Saving chunks for level 'mcpworld'/The End
[15:30:06] [Client thread/INFO]: Setting user: Player577
[15:30:06] [Client thread/INFO]: (Session ID is token:0:Player577)
[15:30:08] [Client thread/INFO]: LWJGL Version: 2.9.4
[15:30:10] [Client thread/INFO]: Reloading ResourceManager: Default
[15:30:10] [Client thread/ERROR]: Couldn't initialize twitch stream
[15:30:10] [Sound Library Loader/INFO]: Starting up SoundSystem...
[15:30:10] [Thread-5/INFO]: Initializing LWJGL OpenAL
[15:30:10] [Thread-5/INFO]: (The LWJGL binding of OpenAL.  For more information, see http://www.lwjgl.org)
[15:30:10] [Thread-5/INFO]: OpenAL initialized.
[15:30:10] [Sound Library Loader/INFO]: Sound engine started
[15:30:15] [Client thread/INFO]: Created: 512x512 textures-atlas
[15:30:39] [Server thread/INFO]: Starting integrated minecraft server version 1.8.8
[15:30:39] [Server thread/INFO]: Generating keypair
[15:30:39] [Server thread/INFO]: Preparing start region for level 0
[15:30:40] [Server thread/INFO]: Changing view distance to 12, from 10
[15:30:40] [Server thread/INFO]: Player577[local:E:1ebad9be] logged in with entity id 24 at (316.69999998807907, 69.0, 500.69999998807907)
[15:30:40] [Server thread/INFO]: Player577 joined the game
[15:30:44] [Client thread/INFO]: [CHAT] [§5ETHIC§f] > CONFIG:
[15:30:44] [Client thread/INFO]: [CHAT] [§5ETHIC§f] > range: 40.0
[15:30:44] [Client thread/INFO]: [CHAT] [§5ETHIC§f] > angle: 30.0
[15:30:44] [Client thread/INFO]: [CHAT] [§5ETHIC§f] > guns: 279 278 284 293 275 258 291 292 256 257 
[15:31:17] [Client thread/INFO]: [CHAT] [§5ETHIC§f] > Added Hitchens to your friend list
[15:31:21] [Client thread/INFO]: [CHAT] [§5ETHIC§f] > Your friend list contains:
[15:31:21] [Client thread/INFO]: [CHAT] [§5ETHIC§f] >  > Hitchens
[15:31:26] [Client thread/INFO]: [CHAT] [§5ETHIC§f] > Removed Hitchens from your friend list
[15:31:39] [Server thread/INFO]: Player577 has just earned the achievement [Taking Inventory]
[15:31:39] [Client thread/INFO]: [CHAT] Player577 has just earned the achievement [Taking Inventory]
[15:33:14] [Client thread/INFO]: Stopping!
[15:33:14] [Client thread/INFO]: SoundSystem shutting down...
[15:33:14] [Server [15:33:15] [Client thread/INFO]: LWJGL Version: 2.9.4
[15:33:17] [Client thread/INFO]: Reloading ResourceManager: Default
[15:33:17] [Client thread/ERROR]: Couldn't initialize twitch stream
[15:33:17] [Sound Library Loader/INFO]: Starting up SoundSystem...
[15:33:17] [Thread-5/INFO]: Initializing LWJGL OpenAL
[15:33:17] [Thread-5/INFO]: (The LWJGL binding of OpenAL.  For more information, see http://www.lwjgl.org)
[15:33:17] [Thread-5/INFO]: OpenAL initialized.
[15:33:17] [Sound Library Loader/INFO]: Sound engine started
[15:33:19] [Client thread/INFO]: Created: 512x512 textures-atlas
[15:33:23] [Server thread/INFO]: Starting integrated minecraft server version 1.8.8
[15:33:23] [Server thread/INFO]: Generating keypair
[15:33:23] [Server thread/INFO]: Preparing start region for level 0
[15:33:24] [Server thread/INFO]: Changing view distance to 12, from 10
[15:33:24] [Server thread/INFO]: Player545[local:E:93aa6427] logged in with entity id 24 at (381.1680291351937, 69.0, 496.17951439664716)
[15:33:24] [Server thread/INFO]: Player545 joined the game
[15:33:27] [Client thread/INFO]: [CHAT] [§5ETHIC§f] > PlayerEsp has been enabled!
[15:33:28] [Client thread/INFO]: [CHAT] [§5ETHIC§f] > PlayerEsp has been dsiabled!
[15:33:30] [Client thread/INFO]: [CHAT] [§5ETHIC§f] > ToggleSprint has been enabled!
[15:33:31] [Client thread/INFO]: [CHAT] [§5ETHIC§f] > ToggleSprint has been dsiabled!
[15:33:32] [Client thread/INFO]: [CHAT] [§5ETHIC§f] > WarzAim has been enabled!
[15:33:33] [Client thread/INFO]: [CHAT] [§5ETHIC§f] > WarzAim has been dsiabled!
[15:33:34] [Client thread/INFO]: [CHAT] [§5ETHIC§f] > WarzAim has been enabled!
[15:33:35] [Client thread/INFO]: [CHAT] [§5ETHIC§f] > WarzAim has been dsiabled!
[15:33:36] [Client thread/INFO]: [CHAT] [§5ETHIC§f] > WarzAimNS has been enabled!
[15:33:36] [Client thread/INFO]: [CHAT] [§5ETHIC§f] > WarzAimNS has been dsiabled!
[15:33:37] [Client thread/INFO]: [CHAT] [§5ETHIC§f] > WarzAimNS has been enabled!
[15:33:38] [Client thread/INFO]: [CHAT] [§5ETHIC§f] > WarzAimNS has been dsiabled!
[15:33:42] [Client thread/INFO]: [CHAT] [§5ETHIC§f] > WarzAimNS has been enabled!
[15:33:43] [Client thread/INFO]: [CHAT] [§5ETHIC§f] > WarzAimNS has been dsiabled!
[15:33:43] [Client thread/INFO]: [CHAT] [§5ETHIC§f] > WarzAimNS has been enabled!
[15:33:43] [Client thread/INFO]: [CHAT] [§5ETHIC§f] > WarzAimNS has been dsiabled!
[15:33:44] [Client thread/INFO]: [CHAT] [§5ETHIC§f] > WarzAimNS has been enabled!
[15:33:44] [Client thread/INFO]: [CHAT] [§5ETHIC§f] > WarzAimNS has been dsiabled!
[15:33:45] [Client thread/INFO]: [CHAT] [§5ETHIC§f] > WarzAimNS has been enabled!
[15:33:45] [Client thread/INFO]: [CHAT] [§5ETHIC§f] > WarzAimNS has been dsiabled!
[15:33:45] [Client thread/INFO]: [CHAT] [§5ETHIC§f] > WarzAimNS has been enabled!
[15:33:45] [Client thread/INFO]: [CHAT] [§5ETHIC§f] > WarzAimNS has been dsiabled!
[15:33:46] [Client thread/INFO]: [CHAT] [§5ETHIC§f] > WarzAimNS has been enabled!
[15:33:46] [Client thread/INFO]: [CHAT] [§5ETHIC§f] > WarzAimNS has been dsiabled!
[15:33:47] [Client thread/INFO]: [CHAT] [§5ETHIC§f] > AutoSteak has been enabled!
[15:33:47] [Client thread/INFO]: [CHAT] [§5ETHIC§f] > AutoSteak has been dsiabled!
[15:33:48] [Client thread/INFO]: [CHAT] [§5ETHIC§f] > AutoSteak has been enabled!
[15:33:49] [Client thread/INFO]: [CHAT] [§5ETHIC§f] > AutoSteak has been dsiabled!
[15:33:50] [Client thread/INFO]: [CHAT] [§5ETHIC§f] > AutoSteak has been enabled!
[15:33:50] [Client thread/INFO]: [CHAT] [§5ETHIC§f] > AutoSteak has been dsiabled!
[15:33:51] [Client thread/INFO]: [CHAT] [§5ETHIC§f] > WarzAim has been enabled!
[15:33:51] [Client thread/INFO]: [CHAT] [§5ETHIC§f] > WarzAim has been dsiabled!
[15:33:52] [Client thread/INFO]: [CHAT] [§5ETHIC§f] > WarzAim has been enabled!
[15:33:52] [Client thread/INFO]: [CHAT] [§5ETHIC§f] > WarzAim has been dsiabled!
[15:33:53] [Client thread/INFO]: [CHAT] [§5ETHIC§f] > WarzAim has been enabled!
[15:33:53] [Client thread/INFO]: [CHAT] [§5ETHIC§f] > WarzAim has been dsiabled!
[15:33:56] [Client thread/INFO]: [CHAT] [§5ETHIC§f] > ToggleSprint has been enabled!
[15:33:56] [Client thread/INFO]: [CHAT] [§5ETHIC§f] > ToggleSprint has been dsiabled!
[15:34:21] [Server thread/INFO]: Saving and pausing game...
[15:34:21] [Server thread/INFO]: Saving chunks for level 'mcpworld'/Overworld
[15:34:21] [Server thread/INFO]: Saving chunks for level 'mcpworld'/Nether
[15:34:21] [Server thread/INFO]: Saving chunks for level 'mcpworld'/The End
[15:34:22] [Server thread/INFO]: Stopping server
[15:34:22] [Server thread/INFO]: Saving players
[15:34:22] [Server thread/INFO]: Saving worlds
[15:34:22] [Server thread/INFO]: Saving chunks for level 'mcpworld'/Overworld
[15:34:22] [Server thread/INFO]: Saving chunks for level 'mcpworld'/Nether
[15:34:22] [Server thread/INFO]: Saving chunks for level 'mcpworld'/The End
[15:36:03] [Client thread/INFO]: Stopping!
[15:36:03] [Client thread/INFO]: SoundSystem shutting down...
[15:36:04] [Client [15:36:04] [Client thread/INFO]: LWJGL Version: 2.9.4
[15:36:06] [Client thread/INFO]: Reloading ResourceManager: Default
[15:36:06] [Client thread/ERROR]: Couldn't initialize twitch stream
[15:36:06] [Sound Library Loader/INFO]: Starting up SoundSystem...
[15:36:06] [Thread-5/INFO]: Initializing LWJGL OpenAL
[15:36:06] [Thread-5/INFO]: (The LWJGL binding of OpenAL.  For more information, see http://www.lwjgl.org)
[15:36:07] [Thread-5/INFO]: OpenAL initialized.
[15:36:07] [Sound Library Loader/INFO]: Sound engine started
[15:36:08] [Client thread/INFO]: Created: 512x512 textures-atlas
[16:04:27] [Server thread/INFO]: Starting integrated minecraft server version 1.8.8
[16:04:27] [Server thread/INFO]: Generating keypair
[16:04:28] [Server thread/INFO]: Preparing start region for level 0
[16:04:29] [Server thread/INFO]: Changing view distance to 12, from 10
[16:04:29] [Server thread/INFO]: Player280[local:E:a16ac5d9] logged in with entity id 24 at (218.8979873899468, 64.0, 548.6889351228019)
[16:04:29] [Server thread/INFO]: Player280 joined the game
[16:04:32] [Client thread/INFO]: [CHAT] [§5ETHIC§f] > PlayerEsp has been enabled!
[16:04:33] [Client thread/INFO]: [CHAT] [§5ETHIC§f] > PlayerEsp has been dsiabled!
[16:04:34] [Client thread/INFO]: [CHAT] [§5ETHIC§f] > OptifineZoom has been enabled!
[16:04:34] [Client thread/INFO]: [CHAT] [§5ETHIC§f] > OptifineZoom has been dsiabled!
[16:04:36] [Client thread/INFO]: [CHAT] [§5ETHIC§f] > ToggleSprint has been enabled!
[16:04:37] [Client thread/INFO]: [CHAT] [§5ETHIC§f] > ToggleSprint has been dsiabled!
[16:04:38] [Client thread/INFO]: [CHAT] [§5ETHIC§f] > WarzAim has been enabled!
[16:04:38] [Client thread/INFO]: [CHAT] [§5ETHIC§f] > WarzAim has been dsiabled!
[16:04:40] [Server thread/INFO]: <Player280> .
[16:04:40] [Client thread/INFO]: [CHAT] <Player280> .
[16:04:55] [Server thread/INFO]: Player280 has just earned the achievement [Taking Inventory]
[16:04:56] [Client thread/INFO]: [CHAT] Player280 has just earned the achievement [Taking Inventory]
[16:04:58] [Server thread/INFO]: Saving and pausing game...
[16:04:58] [Server thread/INFO]: Saving chunks for level 'mcpworld'/Overworld
[16:04:58] [Server thread/INFO]: Saving chunks for level 'mcpworld'/Nether
[16:04:58] [Server thread/INFO]: Saving chunks for level 'mcpworld'/The End
