[01:21:59] [Client thread/INFO]: Setting user: Player632
[01:21:59] [Client thread/INFO]: (Session ID is token:0:Player632)
[01:22:01] [Client thread/INFO]: LWJGL Version: 2.9.4
[01:22:03] [Client thread/INFO]: Reloading ResourceManager: Default
[01:22:03] [Client thread/ERROR]: Couldn't initialize twitch stream
[01:22:03] [Sound Library Loader/INFO]: Starting up SoundSystem...
[01:22:03] [Thread-6/INFO]: Initializing LWJGL OpenAL
[01:22:03] [Thread-6/INFO]: (The LWJGL binding of OpenAL.  For more information, see http://www.lwjgl.org)
[01:22:03] [Thread-6/INFO]: OpenAL initialized.
[01:22:03] [Sound Library Loader/INFO]: Sound engine started
[01:22:04] [Client thread/INFO]: Created: 512x512 textures-atlas
[01:22:18] [Server thread/INFO]: Starting integrated minecraft server version 1.8.8
[01:22:18] [Server thread/INFO]: Generating keypair
[01:22:18] [Server thread/INFO]: Preparing start region for level 0
[01:22:19] [Server thread/INFO]: Player632[local:E:6ef36bba] logged in with entity id 270 at (-411.83908471158736, 70.0, 1.7211915346918971)
[01:22:19] [Server thread/INFO]: Player632 joined the game
[01:22:21] [Server thread/INFO]: Saving and pausing game...
[01:22:21] [Server thread/INFO]: Saving chunks for level 'mcpworld'/Overworld
[01:22:21] [Server thread/INFO]: Saving chunks for level 'mcpworld'/Nether
[01:22:21] [Server thread/INFO]: Saving chunks for level 'mcpworld'/The End
[01:22:22] [Client thread/INFO]: Using default channel type
[01:22:22] [Client thread/INFO]: Started on 59526
[01:22:22] [Client thread/INFO]: [CHAT] Local game hosted on port 59526
[01:22:29] [User Authenticator #1/INFO]: UUID of player Hitchens is b3440621-e3ae-4b2c-9038-e72344170be0
[01:22:29] [Server thread/INFO]: Hitchens[/192.168.8.109:59544] logged in with entity id 927 at (-398.8125857725293, 66.0, -4.9024505562916385)
[01:22:29] [Server thread/INFO]: Hitchens joined the game
[01:22:29] [Client thread/INFO]: [CHAT] Hitchens joined the game
[01:22:30] [Client thread/INFO]: [CHAT] [§5ETHIC§f] > OptifineZoom has been enabled!
[01:22:31] [Client thread/INFO]: [CHAT] [§5ETHIC§f] > OptifineZoom has been disabled!
[01:22:31] [Client thread/INFO]: [CHAT] [§5ETHIC§f] > OptifineZoom has been enabled!
[01:22:32] [Client thread/INFO]: [CHAT] [§5ETHIC§f] > OptifineZoom has been disabled!
[01:22:32] [Client thread/INFO]: [CHAT] [§5ETHIC§f] > OptifineZoom has been enabled!
[01:22:33] [Client thread/INFO]: [CHAT] [§5ETHIC§f] > OptifineZoom has been disabled!
[01:22:34] [Server thread/INFO]: Player632 has just earned the achievement [Taking Inventory]
[01:22:34] [Client thread/INFO]: [CHAT] Player632 has just earned the achievement [Taking Inventory]
[01:22:47] [Client thread/INFO]: [CHAT] [§5ETHIC§f] > OptifineZoom has been enabled!
[01:22:48] [Client thread/INFO]: [CHAT] [§5ETHIC§f] > OptifineZoom has been disabled!
[01:22:48] [Client thread/INFO]: [CHAT] [§5ETHIC§f] > OptifineZoom has been enabled!
[01:22:49] [Client thread/INFO]: [CHAT] [§5ETHIC§f] > OptifineZoom has been disabled!
[01:23:10] [Client thread/INFO]: [CHAT] [§5ETHIC§f] > Xray has been enabled!
[01:23:12] [Client thread/INFO]: [CHAT] [§5ETHIC§f] > OptifineZoom has been enabled!
[01:23:12] [Client thread/INFO]: [CHAT] [§5ETHIC§f] > OptifineZoom has been disabled!
[01:23:22] [Server thread/INFO]: Player632 lost connection: TextComponent{text='Disconnected', siblings=[], style=Style{hasParent=false, color=null, bold=null, italic=null, underlined=null, obfuscated=null, clickEvent=null, hoverEvent=null, insertion=null}}
[01:23:22] [Server thread/INFO]: Player632 left the game
[01:23:22] [Server thread/INFO]: Stopping singleplayer server as player logged out
[01:23:22] [Server thread/INFO]: Stopping server
[01:23:22] [Server thread/INFO]: Saving players
[01:23:22] [Server thread/INFO]: Saving worlds
[01:23:22] [Server thread/INFO]: Saving chunks for level 'mcpworld'/Overworld
[01:23:22] [Server thread/INFO]: Saving chunks for level 'mcpworld'/Nether
[01:23:22] [Server thread/INFO]: Saving chunks for level 'mcpworld'/The End
