[12:51:54] [Client thread/INFO]: Setting user: Player693
[12:51:54] [Client thread/INFO]: (Session ID is token:0:Player693)
[12:51:55] [Client thread/INFO]: LWJGL Version: 2.9.4
[12:51:56] [Client thread/INFO]: Reloading ResourceManager: Default
[12:51:56] [Client thread/ERROR]: Couldn't initialize twitch stream
[12:51:56] [Sound Library Loader/INFO]: Starting up SoundSystem...
[12:51:57] [Thread-6/INFO]: Initializing LWJGL OpenAL
[12:51:57] [Thread-6/INFO]: (The LWJGL binding of OpenAL.  For more information, see http://www.lwjgl.org)
[12:51:57] [Thread-6/INFO]: OpenAL initialized.
[12:51:57] [Sound Library Loader/INFO]: Sound engine started
[12:52:01] [Client thread/INFO]: Created: 512x512 textures-atlas
[12:52:07] [Server thread/INFO]: Starting integrated minecraft server version 1.8.8
[12:52:07] [Server thread/INFO]: Generating keypair
[12:52:07] [Server thread/INFO]: Preparing start region for level 0
[12:52:08] [Server thread/INFO]: Changing view distance to 12, from 10
[12:52:08] [Server thread/INFO]: Player693[local:E:219cfa0b] logged in with entity id 24 at (278.69999998807907, 71.0, 470.1373298289849)
[12:52:08] [Server thread/INFO]: Player693 joined the game
[12:52:29] [Server thread/INFO]: Player693 has just earned the achievement [Taking Inventory]
[12:52:29] [Client thread/INFO]: [CHAT] Player693 has just earned the achievement [Taking Inventory]
[12:52:30] [Server thread/INFO]: Saving and pausing game...
[12:52:30] [Server thread/INFO]: Saving chunks for level 'mcpworld'/Overworld
[12:52:30] [Server thread/INFO]: Saving chunks for level 'mcpworld'/Nether
[12:52:30] [Server thread/INFO]: Saving chunks for level 'mcpworld'/The End
[12:52:32] [Client thread/INFO]: Using default channel type
[12:52:32] [Client thread/INFO]: Started on 50050
[12:52:32] [Client thread/INFO]: [CHAT] Local game hosted on port 50050
[12:52:38] [User Authenticator #1/INFO]: UUID of player Hitchens is b3440621-e3ae-4b2c-9038-e72344170be0
[12:52:38] [Server thread/INFO]: Hitchens[/192.168.8.109:50088] logged in with entity id 1479 at (279.54994775077256, 71.0, 475.1417919998759)
[12:52:38] [Server thread/INFO]: Hitchens joined the game
[12:52:38] [Client thread/INFO]: [CHAT] Hitchens joined the game
[12:52:41] [Client thread/INFO]: [CHAT] Unknown command. Try /help for a list of commands
[12:52:43] [Server thread/INFO]: [Player693: Teleported Player693 to Hitchens]
[12:52:43] [Client thread/INFO]: [CHAT] Teleported Player693 to Hitchens
[12:52:50] [Server thread/INFO]: [Hitchens: Set own game mode to Adventure Mode]
[12:52:50] [Client thread/INFO]: [CHAT] [Hitchens: Set own game mode to Adventure Mode]
[12:52:52] [Server thread/INFO]: [Hitchens: Set own game mode to Spectator Mode]
[12:52:52] [Client thread/INFO]: [CHAT] [Hitchens: Set own game mode to Spectator Mode]
[12:53:08] [Server thread/INFO]: [Player693: Teleported Player693 to Hitchens]
[12:53:08] [Client thread/INFO]: [CHAT] Teleported Player693 to Hitchens
[12:54:41] [Client thread/INFO]: Stopping!
[12:54:41] [Client thread/INFO]: SoundSystem shutting down...
[12:54:42] [Server thread/INFO]: Stopping server
[12:54:42] [Server thread/INFO]: Saving players
[12:54:42] [Server thread/INFO]: Saving worlds
[12:54:42] [Server thread/INFO]: Saving chunks for level 'mcpworld'/Overworld
[12:54:42] [Server thread/INFO]: Saving chunks for level 'mcpworld'/Nether
[12:54:42] [Server thread/INFO]: Saving chunks for level 'mcpworld'/The End
[12:54:42] [Client thread/WARN]: Author: Paul Lamb, www.paulscode.com
28] [Thread-5/INFO]: OpenAL initialized.
[12:54:28] [Sound Library Loader/INFO]: Sound engine started
[12:54:29] [Client thread/INFO]: Created: 512x512 textures-atlas
[12:54:49] [Server thread/INFO]: Starting integrated minecraft server version 1.8.8
[12:54:49] [Server thread/INFO]: Generating keypair
[12:54:50] [Server thread/INFO]: Preparing start region for level 0
[12:54:50] [Server thread/INFO]: Changing view distance to 12, from 10
[12:54:50] [Server thread/INFO]: Player206[local:E:aeed873d] logged in with entity id 24 at (278.65147454326944, 71.0, 477.4553071465397)
[12:54:50] [Server thread/INFO]: Player206 joined the game
[12:54:51] [Server thread/INFO]: Saving and pausing game...
[12:54:51] [Server thread/INFO]: Saving chunks for level 'mcpworld'/Overworld
[12:54:51] [Server thread/INFO]: Saving chunks for level 'mcpworld'/Nether
[12:54:51] [Server thread/INFO]: Saving chunks for level 'mcpworld'/The End
[12:54:53] [Client thread/INFO]: Using default channel type
[12:54:53] [Client thread/INFO]: Started on 50167
[12:54:53] [Client thread/INFO]: [CHAT] Local game hosted on port 50167
[12:55:03] [User Authenticator #1/INFO]: UUID of player Hitchens is b3440621-e3ae-4b2c-9038-e72344170be0
[12:55:03] [Server thread/INFO]: Hitchens[/192.168.8.109:50188] logged in with entity id 675 at (278.80217618888054, 71.92579943897621, 473.12452131473833)
[12:55:03] [Server thread/INFO]: Hitchens joined the game
[12:55:03] [Client thread/INFO]: [CHAT] Hitchens joined the game
[12:55:15] [Server thread/INFO]: [Hitchens: Set own game mode to Spectator Mode]
[12:55:15] [Client thread/INFO]: [CHAT] [Hitchens: Set own game mode to Spectator Mode]
[12:55:24] [Server thread/INFO]: [Player206: Teleported Player206 to Hitchens]
[12:55:24] [Client thread/INFO]: [CHAT] Teleported Player206 to Hitchens
[12:55:25] [Server thread/INFO]: Player206 has just earned the achievement [Taking Inventory]
[12:55:25] [Client thread/INFO]: [CHAT] Player206 has just earned the achievement [Taking Inventory]
[12:55:45] [Server thread/INFO]: Hitchens lost connection: TextComponent{text='Disconnected', siblings=[], style=Style{hasParent=false, color=null, bold=null, italic=null, underlined=null, obfuscated=null, clickEvent=null, hoverEvent=null, insertion=null}}
[12:55:45] [Server thread/INFO]: Hitchens left the game
[12:55:45] [Client thread/INFO]: [CHAT] Hitchens left the game
[13:03:37] [Client thread/INFO]: Stopping!
[13:03:37] [Client thread/INFO]: SoundSystem shutting down...
[13:03:37] [Server thread/INFO]: Stopping server
[13:03:37] [Server thread/INFO]: Saving players
[13:03:37] [Server thread/INFO]: Saving worlds
[13:03:37] [Server thread/INFO]: Saving chunks for level 'mcpworld'/Overworld
[13:03:37] [Server thread/INFO]: Saving chunks for level 'mcpworld'/Nether
[13:03:37] [Server thread/INFO]: Saving chunks for level 'mcpworld'/The End
[13:03:37] [Client thread/WARN]: Author: Paul Lamb, www.paulscode.com
35] [Thread-5/INFO]: OpenAL initialized.
[13:03:36] [Sound Library Loader/INFO]: Sound engine started
[13:03:37] [Client thread/INFO]: Created: 512x512 textures-atlas
[13:03:46] [Server thread/INFO]: Starting integrated minecraft server version 1.8.8
[13:03:46] [Server thread/INFO]: Generating keypair
[13:03:46] [Server thread/INFO]: Preparing start region for level 0
[13:03:47] [Server thread/INFO]: Changing view distance to 12, from 10
[13:03:47] [Server thread/INFO]: Player597[local:E:e94d72d9] logged in with entity id 24 at (285.6662129635762, 71.0, 472.3094827118844)
[13:03:47] [Server thread/INFO]: Player597 joined the game
[13:03:48] [Server thread/INFO]: Saving and pausing game...
[13:03:48] [Server thread/INFO]: Saving chunks for level 'mcpworld'/Overworld
[13:03:48] [Server thread/INFO]: Saving chunks for level 'mcpworld'/Nether
[13:03:48] [Server thread/INFO]: Saving chunks for level 'mcpworld'/The End
[13:03:50] [Client thread/INFO]: Using default channel type
[13:03:50] [Client thread/INFO]: Started on 50270
[13:03:50] [Client thread/INFO]: [CHAT] Local game hosted on port 50270
[13:04:02] [User Authenticator #1/INFO]: UUID of player Hitchens is b3440621-e3ae-4b2c-9038-e72344170be0
[13:04:02] [Server thread/INFO]: Hitchens[/192.168.8.109:50323] logged in with entity id 913 at (288.6106131722229, 69.31319935513747, 478.5825315561433)
[13:04:02] [Server thread/INFO]: Hitchens joined the game
[13:04:02] [Client thread/INFO]: [CHAT] Hitchens joined the game
[13:04:10] [Server thread/INFO]: Player597 has just earned the achievement [Taking Inventory]
[13:04:10] [Client thread/INFO]: [CHAT] Player597 has just earned the achievement [Taking Inventory]
